1606116609617	geckodriver	INFO	Listening on 127.0.0.1:1065
1606116612641	mozrunner::runner	INFO	Running command: "C:\\Program Files\\Mozilla Firefox\\firefox.exe" "--marionette" "-foreground" "-no-remote" "-profile" "C:\\Users\\NoBoomTa\\AppData\\Local\\Temp\\rust_mozprofilekVCdXM"
JavaScript error: resource://gre/modules/XULStore.jsm, line 66: Error: Can't find profile directory.
1606116616031	Marionette	INFO	Listening on port 1076
1606116616257	Marionette	WARN	TLS certificate errors will be ignored for this session
JavaScript warning: https://duckduckgo.com/d2881.js, line 1: unreachable code after return statement
JavaScript warning: https://duckduckgo.com/d2881.js, line 1: unreachable code after return statement
JavaScript warning: https://duckduckgo.com/d2881.js, line 1: unreachable code after return statement
console.warn: LoginRecipes: "getRecipes: falling back to a synchronous message for:" "https://duckduckgo.com"
console.warn: LoginRecipes: "getRecipes: falling back to a synchronous message for:" "https://duckduckgo.com"
1606116682431	Marionette	INFO	Stopped listening on port 1076

###!!! [Child][RunMessage] Error: Channel closing: too late to send/recv, messages will be lost


###!!! [Child][MessageChannel::SendAndWait] Error: Channel error: cannot send/recv

l\\Temp\\rust_mozprofile9btDKG"
JavaScript error: resource://gre/modules/XULStore.jsm, line 66: Error: Can't find profile directory.
1606116672757	Marionette	INFO	Listening on port 1143
1606116673061	Marionette	WARN	TLS certificate errors will be ignored for this session
JavaScript error: resource://devtools/client/jsonview/converter-observer.js, line 94: NS_ERROR_NOT_AVAILABLE: Component returned failure code: 0x80040111 (NS_ERROR_NOT_AVAILABLE) [nsIChannel.contentType]
1606116673553	Marionette	INFO	Stopped listening on port 1143

###!!! [Child][RunMessage] Error: Channel closing: too late to send/recv, messages will be lost


###!!! [Child][MessageChannel::SendAndWait] Error: Channel error: cannot send/recv

1606116678661	geckodriver	INFO	Listening on 127.0.0.1:1185
1606116681682	mozrunner::runner	INFO	Running command: "C:\\Program Files\\Mozilla Firefox\\firefox.exe" "--marionette" "-foreground" "-no-remote" "-profile" "C:\\Users\\NoBoomTa\\AppData\\Local\\Temp\\rust_mozprofilekVop3a"
JavaScript error: resource://gre/modules/XULStore.jsm, line 66: Error: Can't find profile directory.
1606116685022	Marionette	INFO	Listening on port 1195
1606116685300	Marionette	WARN	TLS certificate errors will be ignored for this session
JavaScript warning: https://duckduckgo.com/d2881.js, line 1: unreachable code after return statement
JavaScript warning: https://duckduckgo.com/d2881.js, line 1: unreachable code after return statement
JavaScript warning: https://duckduckgo.com/d2881.js, line 1: unreachable code after return statement
JavaScript warning: https://duckduckgo.com/d2881.js, line 1: unreachable code after return statement
JavaScript warning: https://duckduckgo.com/d2881.js, line 1: unreachable code after return statement
JavaScript warning: https://duckduckgo.com/d2881.js, line 1: unreachable code after return statement
JavaScript warning: https://duckduckgo.com/d2881.js, line 1: unreachable code after return statement
[Parent 31156, Gecko_IOThread] WARNING: pipe error: 232: file /builds/worker/checkouts/gecko/ipc/chromium/src/chrome/common/ipc_channel_win.cc, line 522
1606117024292	Marionette	INFO	Stopped listening on port 1195

###!!! [Child][RunMessage] Error: Channel closing: too late to send/recv, messages will be lost


###!!! [Child][MessageChannel::SendAndWait] Error: Channel error: cannot send/recv

1606557950032	geckodriver	INFO	Listening on 127.0.0.1:11661
1606557953059	mozrunner::runner	INFO	Running command: "C:\\Program Files\\Mozilla Firefox\\firefox.exe" "--marionette" "-foreground" "-no-remote" "-profile" "C:\\Users\\NoBoomTa\\AppData\\Local\\Temp\\rust_mozprofilemiR569"
JavaScript error: resource://gre/modules/XULStore.jsm, line 66: Error: Can't find profile directory.
1606557957192	Marionette	INFO	Listening on port 11669
1606557957215	Marionette	WARN	TLS certificate errors will be ignored for this session
1606558927654	Marionette	INFO	Stopped listening on port 11661606558930065	mozrunner::runner	INFO	Running command: "C:\\Program Files\\Mozilla Firefox\\firefox.exe" "--marionette" "-foreground" "-no-remote" "-profile" "C:\\Users\\NoBoomTa\\AppData\\Local\\Temp\\rust_mozprofilecgSI9H"
JavaScript error: resource://gre/modules/XULStore.jsm, line 66: Error: Can't find profile directory.
1606558933085	Marionette	INFO	Listening on port 11937
1606558933180	Marionette	WARN	TLS certificate errors will be ignored for this session
1606558944786	Marionette	INFO	Stopped listening on port 11931606558946222	mozrunner::runner	INFO	Running command: "C:\\Program Files\\Mozilla Firefox\\firefox.exe" "--marionette" "-foreground" "-no-remote" "-profile" "C:\\Users\\NoBoomTa\\AppData\\Local\\Temp\\rust_mozprofileVl74Cb"
JavaScript error: resource://gre/modules/XULStore.jsm, line 66: Error: Can't find profile directory.
1606558949395	Marionette	INFO	Listening on port 12018
1606558949842	Marionette	WARN	TLS certificate errors will be ignored for this session
console.error: "Store does not have a valid reducer. Make sure the argument passed to combineReducers is an object whose values are reducers."
JavaScript error: resource://gre/actors/AutoCompleteChild.jsm, line 208: Error: Invalid autocomplete selectedIndex
1606559275937	Marionette	INFO	Stopped listening on port 12018

###!!! [Child][RunMessage] Error: Channel closing: too late to send/recv, messages will be lost


###!!! [Child][MessageChannel::SendAndWait] Error: Channel error: cannot send/recv

l\\Temp\\rust_mozprofile51xNRj"
JavaScript error: resource://gre/modules/XULStore.jsm, line 66: Error: Can't find profile directory.
1606559165890	Marionette	INFO	Listening on port 12304
1606559166222	Marionette	WARN	TLS certificate errors will be ignored for this session
1606559275744	Marionette	INFO	Stopped listening on port 12301606559275872	mozrunner::runner	INFO	Running command: "C:\\Program Files\\Mozilla Firefox\\firefox.exe" "--marionette" "-foreground" "-no-remote" "-profile" "C:\\Users\\NoBoomTa\\AppData\\Local\\Temp\\rust_mozprofilenakNNY"
JavaScript error: resource://gre/modules/XULStore.jsm, line 66: Error: Can't find profile directory.
1606559278835	Marionette	INFO	Listening on port 12405
1606559278988	Marionette	WARN	TLS certificate errors will be ignored for this session
1606559471801	Marionette	INFO	Stopped listening on port 12405

###!!! [Child][RunMessage] Error: Channel closing: too late to send/recv, messages will be lost


###!!! [Child][MessageChannel::SendAndWait] Error: Channel error: cannot send/recv

l\\Temp\\rust_mozprofileiGJTe5"
JavaScript error: resource://gre/modules/XULStore.jsm, line 66: Error: Can't find profile directory.
1606559400345	Marionette	INFO	Listening on port 12499
1606559400830	Marionette	WARN	TLS certificate errors will be ignored for this session
[Child 23048, MediaDecoderStateMachine #1] WARNING: Decoder=1a271df0400 Decode error: NS_ERROR_DOM_MEDIA_FATAL_ERR (0x806e0005) - RefPtr<MediaSourceTrackDemuxer::SamplesPromise> __cdecl mozilla::MediaSourceTrackDemuxer::DoGetSamples(int32_t): manager is detached.: file /builds/worker/checkouts/gecko/dom/media/MediaDecoderStateMachine.cpp, line 3470
[Child 23048, MediaDecoderStateMachine #1] WARNING: Decoder=1a271df0400 Decode error: NS_ERROR_DOM_MEDIA_FATAL_ERR (0x806e0005) - RefPtr<MediaSourceTrackDemuxer::SamplesPromise> __cdecl mozilla::MediaSourceTrackDemuxer::DoGetSamples(int32_t): manager is detached.: file /builds/worker/checkouts/gecko/dom/media/MediaDecoderStateMachine.cpp, line 3470
[Child 23048, MediaDecoderStateMachine #1] WARNING: Decoder=1a271df0400 Decode error: NS_ERROR_DOM_MEDIA_FATAL_ERR (0x806e0005) - RefPtr<MediaSourceTrackDemuxer::SamplesPromise> __cdecl mozilla::MediaSourceTrackDemuxer::DoGetSamples(int32_t): manager is detached.: file /builds/worker/checkouts/gecko/dom/media/MediaDecoderStateMachine.cpp, line 3470
[Child 23048, MediaDecoderStateMachine #1] WARNING: Decoder=1a271df0400 Decode error: NS_ERROR_DOM_MEDIA_FATAL_ERR (0x806e0005) - RefPtr<MediaSourceTrackDemuxer::SamplesPromise> __cdecl mozilla::MediaSourceTrackDemuxer::DoGetSamples(int32_t): manager is detached.: file /builds/worker/checkouts/gecko/dom/media/MediaDecoderStateMachine.cpp, line 3470
[Child 23048, MediaDecoderStateMachine #1] WARNING: Decoder=1a271df0400 Decode error: NS_ERROR_DOM_MEDIA_FATAL_ERR (0x806e0005) - RefPtr<MediaSourceTrackDemuxer::SamplesPromise> __cdecl mozilla::MediaSourceTrackDemuxer::DoGetSamples(int32_t): manager is detached.: file /builds/worker/checkouts/gecko/dom/media/MediaDecoderStateMachine.cpp, line 3470
[Child 23048, MediaDecoderStateMachine #1] WARNING: Decoder=1a271df0400 Decode error: NS_ERROR_DOM_MEDIA_FATAL_ERR (0x806e0005) - RefPtr<MediaSourceTrackDemuxer::SamplesPromise> __cdecl mozilla::MediaSourceTrackDemuxer::DoGetSamples(int32_t): manager is detached.: file /builds/worker/checkouts/gecko/dom/media/MediaDecoderStateMachine.cpp, line 3470
IPDL protocol error: Handler returned error code!

###!!! [Parent][DispatchAsyncMessage] Error: PImageBridge::Msg_Update Processing error: message was deserialized, but the handler returned false (indicating failure)

IPDL protocol error: Handler returned error code!

###!!! [Parent][DispatchAsyncMessage] Error: PImageBridge::Msg_Update Processing error: message was deserialized, but the handler returned false (indicating failure)

IPDL protocol error: Handler returned error code!

###!!! [Parent][DispatchAsyncMessage] Error: PImageBridge::Msg_Update Processing error: message was deserialized, but the handler returned false (indicating failure)

IPDL protocol error: Handler returned error code!

###!!! [Parent][DispatchAsyncMessage] Error: PImageBridge::Msg_Update Processing error: message was deserialized, but the handler returned false (indicating failure)

IPDL protocol error: Handler returned error code!

###!!! [Parent][DispatchAsyncMessage] Error: PImageBridge::Msg_Update Processing error: message was deserialized, but the handler returned false (indicating failure)

IPDL protocol error: Handler returned error code!

###!!! [Parent][DispatchAsyncMessage] Error: PImageBridge::Msg_Update Processing error: message was deserialized, but the handler returned false (indicating failure)

IPDL protocol error: Handler returned error code!

###!!! [Parent][DispatchAsyncMessage] Error: PImageBridge::Msg_Update Processing error: message was deserialized, but the handler returned false (indicating failure)

IPDL protocol error: Handler returned error code!

###!!! [Parent][DispatchAsyncMessage] Error: PImageBridge::Msg_Update Processing error: message was deserialized, but the handler returned false (indicating failure)

IPDL protocol error: Handler returned error code!

###!!! [Parent][DispatchAsyncMessage] Error: PImageBridge::Msg_Update Processing error: message was deserialized, but the handler returned false (indicating failure)

IPDL protocol error: Handler returned error code!

###!!! [Parent][DispatchAsyncMessage] Error: PImageBridge::Msg_Update Processing error: message was deserialized, but the handler returned false (indicating failure)

IPDL protocol error: Handler returned error code!

###!!! [Parent][DispatchAsyncMessage] Error: PImageBridge::Msg_Update Processing error: message was deserialized, but the handler returned false (indicating failure)

IPDL protocol error: Handler returned error code!

###!!! [Parent][DispatchAsyncMessage] Error: PImageBridge::Msg_Update Processing error: message was deserialized, but the handler returned false (indicating failure)

IPDL protocol error: Handler returned error code!

###!!! [Parent][DispatchAsyncMessage] Error: PImageBridge::Msg_Update Processing error: message was deserialized, but the handler returned false (indicating failure)

IPDL protocol error: Handler returned error code!

###!!! [Parent][DispatchAsyncMessage] Error: PImageBridge::Msg_Update Processing error: message was deserialized, but the handler returned false (indicating failure)

1606559472353	Marionette	INFO	Stopped listening on port 12499

###!!! [Child][MessageChannel::SendAndWait] Error: Channel error: cannot send/recv

1606559779891	geckodriver	INFO	Listening on 127.0.0.1:12811
1606559782935	mozrunner::runner	INFO	Running command: "C:\\Program Files\\Mozilla Firefox\\firefox.exe" "--marionette" "-foreground" "-no-remote" "-profile" "C:\\Users\\NoBoomTa\\AppData\\Local\\Temp\\rust_mozprofilenHUiAr"
JavaScript error: resource://gre/modules/XULStore.jsm, line 66: Error: Can't find profile directory.
1606559786204	Marionette	INFO	Listening on port 12820
1606559786558	Marionette	WARN	TLS certificate errors will be ignored for this session
1606559938609	Marionette	INFO	Stopped listening on port 12820

###!!! [Child][RunMessage] Error: Channel closing: too late to send/recv, messages will be lost


###!!! [Child][MessageChannel::SendAndWait] Error: Channel error: cannot send/recv

l\\Temp\\rust_mozprofileKbSgFH"
JavaScript error: resource://gre/modules/XULStore.jsm, line 66: Error: Can't find profile directory.
1606559855343	Marionette	INFO	Listening on port 12936
1606559855511	Marionette	WARN	TLS certificate errors will be ignored for this session
1606559938572	Marionette	INFO	Stopped listening on port 12936

###!!! [Child][RunMessage] Error: Channel closing: too late to send/recv, messages will be lost


###!!! [Child][MessageChannel::SendAndWait] Error: Channel error: cannot send/recv

l\\Temp\\rust_mozprofileJ3Oz9R"
JavaScript error: resource://gre/modules/XULStore.jsm, line 66: Error: Can't find profile directory.
JavaScript error: , line 0: uncaught exception: 2147500036
JavaScript error: , line 0: uncaught exception: 2147500036
console.error: Region.jsm: "Failed to fetch region" (new TypeError("NetworkError when attempting to fetch resource.", ""))

###!!! [Child][RunMessage] Error: Channel closing: too late to send/recv, messages will be lost


###!!! [Child][MessageChannel::SendAndWait] Error: Channel error: cannot send/recv

1606559941953	geckodriver	INFO	Listening on 127.0.0.1:13037
1606559944996	mozrunner::runner	INFO	Running command: "C:\\Program Files\\Mozilla Firefox\\firefox.exe" "--marionette" "-foreground" "-no-remote" "-profile" "C:\\Users\\NoBoomTa\\AppData\\Local\\Temp\\rust_mozprofile9cltmh"
JavaScript error: resource://gre/modules/XULStore.jsm, line 66: Error: Can't find profile directory.
1606559947672	Marionette	INFO	Listening on port 13046
1606559948111	Marionette	WARN	TLS certificate errors will be ignored for this session
1606566432804	Marionette	INFO	Stopped listening on port 13046

###!!! [Child][RunMessage] Error: Channel closing: too late to send/recv, messages will be lost


###!!! [Child][MessageChannel::SendAndWait] Error: Channel error: cannot send/recv

l\\Temp\\rust_mozprofileadtovB"
JavaScript error: resource://gre/modules/XULStore.jsm, line 66: Error: Can't find profile directory.
1606560173077	Marionette	INFO	Listening on port 13179
1606560173578	Marionette	WARN	TLS certificate errors will be ignored for this session
1606566432900	Marionette	INFO	Stopped listening on port 13179

###!!! [Child][RunMessage] Error: Channel closing: too late to send/recv, messages will be lost


###!!! [Child][MessageChannel::SendAndWait] Error: Channel error: cannot send/recv

l\\Temp\\rust_mozprofileeUfT97"
JavaScript error: resource://gre/modules/XULStore.jsm, line 66: Error: Can't find profile directory.
1606560270020	Marionette	INFO	Listening on port 13262
1606560270191	Marionette	WARN	TLS certificate errors will be ignored for this session
1606566432966	Marionette	INFO	Stopped listening on port 13262

###!!! [Child][MessageChannel::SendAndWait] Error: Channel error: cannot send/recv

firefox.exe" "--marionette" "-foreground" "-no-remote" "-profile" "C:\\Users\\NoBoomTa\\AppData\\Local\\Temp\\rust_mozprofilerRnHTu"
JavaScript error: resource://gre/modules/XULStore.jsm, line 66: Error: Can't find profile directory.
1606560463497	Marionette	INFO	Listening on port 13399
1606560463577	Marionette	WARN	TLS certificate errors will be ignored for this session

###!!! [Child][RunMessage] Error: Channel closing: too late to send/recv, messages will be lost

1606566432921	Marionette	INFO	Stopped listening on port 13399

###!!! [Child][RunMessage] Error: Channel closing: too late to send/recv, messages will be lost


###!!! [Child][MessageChannel::SendAndWait] Error: Channel error: cannot send/recv

: Can't find profile directory.
1606560638313	Marionette	INFO	Listening on port 13498
1606560638808	Marionette	WARN	TLS certificate errors will be ignored for this session
1606566432936	Marionette	INFO	Stopped listening on port 13498

###!!! [Child][RunMessage] Error: Channel closing: too late to send/recv, messages will be lost


###!!! [Child][MessageChannel::SendAndWait] Error: Channel error: cannot send/recv

l\\Temp\\rust_mozprofileP9fWj2"
JavaScript error: resource://gre/modules/XULStore.jsm, line 66: Error: Can't find profile directory.
1606560739580	Marionette	INFO	Listening on port 13591
1606560740050	Marionette	WARN	TLS certificate errors will be ignored for this session
[Child 11348, MediaDecoderStateMachine #1] WARNING: Decoder=2a38a534400 Decode error: NS_ERROR_DOM_MEDIA_FATAL_ERR (0x806e0005) - RefPtr<MediaSourceTrackDemuxer::SamplesPromise> __cdecl mozilla::MediaSourceTrackDemuxer::DoGetSamples(int32_t): manager is detached.: file /builds/worker/checkouts/gecko/dom/media/MediaDecoderStateMachine.cpp, line 3470
[Child 11348, MediaDecoderStateMachine #1] WARNING: Decoder=2a38a534400 Decode error: NS_ERROR_DOM_MEDIA_FATAL_ERR (0x806e0005) - RefPtr<MediaSourceTrackDemuxer::SamplesPromise
###!!! [Child][RunMessage] Error: Channel closing: too late to send/recv, messages will be lost


###!!! [Child][RunMessage] Error: Channel closing: too late to send/recv,1606566432788	Marionette	INFO	Stopped listening on port 13591

###!!! [Child][RunMessage] Error: Channel closing: too late to send/recv, messages will be lost


###!!! [Child][MessageCh
###!!! [Child][MessageChannel::SendAndWait] Error: Channel error: cannot send/recv

cJkG"
JavaScript error: resource://gre/modules/XULStore.jsm, line 66: Error: Can't find profile directory.
1606563010687	Marionette	INFO	Listening on port 14064
1606563010881	Marionette	WARN	TLS certificate errors will be ignored for this session
1606566432643	Marionette	INFO	Stopped listening on port 14064

###!!! [Child][RunMessage] Error: Channel closing: too late to send/recv, messages will be lost


###!!! [Child][MessageChannel::SendAndWait] Error: Channel error: cannot send/recv

l\\Temp\\rust_mozprofileL6qVDu"
JavaScript error: resource://gre/modules/XULStore.jsm, line 66: Error: Can't find profile directory.
1606563018818	Marionette	INFO	Listening on port 14103
1606563018857	Marionette	WARN	TLS certificate errors will be ignored for this session
1606566432426	Marionette	INFO	Stopped listening on port 14103

###!!! [Child][RunMessage] Error: Channel closing: too late to send/recv, messages will be lost


###!!! [Child][MessageChannel::SendAndWait] Error: Channel error: cannot send/recv

l\\Temp\\rust_mozprofile4t3wXP"
JavaScript error: resource://gre/modules/XULStore.jsm, line 66: Error: Can't find profile directory.
1606566418774	Marionette	INFO	Listening on port 19876
1606566419132	Marionette	WARN	TLS certificate errors will be ignored for this session
1606566432921	Marionette	INFO	Stopped listening on port 19876

###!!! [Child][RunMessage] Error: Channel closing: too late to send/recv, messages will be lost


###!!! [Child][MessageChannel::SendAndWait] Error: Channel error: cannot send/recv

1606566461861	geckodriver	INFO	Listening on 127.0.0.1:19977
1606566464864	mozrunner::runner	INFO	Running command: "C:\\Program Files\\Mozilla Firefox\\firefox.exe" "--marionette" "-foreground" "-no-remote" "-profile" "C:\\Users\\NoBoomTa\\AppData\\Local\\Temp\\rust_mozprofileIwpe7E"
JavaScript error: resource://gre/modules/XULStore.jsm, line 66: Error: Can't find profile directory.
1606566467977	Marionette	INFO	Listening on port 19985
1606566467985	Marionette	WARN	TLS certificate errors will be ignored for this session
1606575655723	Marionette	INFO	Stopped listening on port 19985

###!!! [Child][MessageChannel::SendAndWait] Error: Channel error: cannot send/recv

firefox.exe" "--marionette" "-foreground" "-no-remote" "-profile" "C:\\Users\\NoBoomTa\\AppData\\Local\\Temp\\rust_mozprofilebNFXkp"
JavaScript error: resource://gre/modules/XULStore.jsm, line 66: Error: Can't find profile directory.
1606566612094	Marionette	INFO	Listening on port 20190
1606566612271	Marionette	WARN	TLS certificate errors will be ignored for this session
1606575655703	Marionette	INFO	Stopped listening on port 20190

###!!! [Child][RunMessage] Error: Channel closing: too late to send/recv, messages will be lost


###!!! [Child][MessageChannel::SendAndWait] Error: Channel error: cannot send/recv

l\\Temp\\rust_mozprofile0T3fNu"
JavaScript error: resource://gre/modules/XULStore.jsm, line 66: Error: Can't find profile directory.
1606566721501	Marionette	INFO	Listening on port 20351
1606566721712	Marionette	WARN	TLS certificate errors will be ignored for this session
1606575655669	Marionette	INFO	Stopped listening on port 20351

###!!! [Child][RunMessage] Error: Channel closing: too late to send/recv, messages will be lost


###!!! [Child][MessageChannel::SendAndWait] Error: Channel error: cannot send/recv

l\\Temp\\rust_mozprofileoFyI5q"
JavaScript error: resource://gre/modules/XULStore.jsm, line 66: Error: Can't find profile directory.
1606566752321	Marionette	INFO	Listening on port 20490
1606566752557	Marionette	WARN	TLS certificate errors will be ignored for this session
1606575655728	Marionette	INFO	Stopped listening on port 20490

###!!! [Child][RunMessage] Error: Channel closing: too late to send/recv, messages will be lost


###!!! [Child][MessageChannel::SendAndWait] Error: Channel error: cannot send/recv

1606928646208	geckodriver	INFO	Listening on 127.0.0.1:51551
1606928649241	mozrunner::runner	INFO	Running command: "C:\\Program Files\\Mozilla Firefox\\firefox.exe" "--marionette" "-foreground" "-no-remote" "-profile" "C:\\Users\\NoBoomTa\\AppData\\Local\\Temp\\rust_mozprofileiaGlIJ"
JavaScript error: resource://gre/modules/XULStore.jsm, line 66: Error: Can't find profile directory.
1606928654580	Marionette	INFO	Listening on port 51564
1606928655012	Marionette	WARN	TLS certificate errors will be ignored for this session
JavaScript error: , line 0: uncaught exception: Object
console.warn: LoginRecipes: "getRecipes: falling back to a synchronous message for:" "https://covidtracker-isp.herokuapp.com"
1606928907575	Marionette	INFO	Stopped listening on port 51564

###!!! [Child][RunMessage] Error: Channel closing: too late to send/recv, messages will be lost


###!!! [Child][MessageChannel::SendAndWait] Error: Channel error: cannot send/recv

1606928912152	geckodriver	INFO	Listening on 127.0.0.1:51827
1606928915175	mozrunner::runner	INFO	Running command: "C:\\Program Files\\Mozilla Firefox\\firefox.exe" "--marionette" "-foreground" "-no-remote" "-profile" "C:\\Users\\NoBoomTa\\AppData\\Local\\Temp\\rust_mozprofilek7i1nD"
JavaScript error: resource://gre/modules/XULStore.jsm, line 66: Error: Can't find profile directory.
1606928919910	Marionette	INFO	Listening on port 51841
1606928920408	Marionette	WARN	TLS certificate errors will be ignored for this session
JavaScript error: , line 0: uncaught exception: Object
console.warn: LoginRecipes: "getRecipes: falling back to a synchronous message for:" "https://covidtracker-isp.herokuapp.com"
console.error: "Store does not have a valid reducer. Make sure the argument passed to combineReducers is an object whose values are reducers."
1606929022727	Marionette	INFO	Stopped listening on port 51841

###!!! [Child][RunMessage] Error: Channel closing: too late to send/recv, messages will be lost


###!!! [Child][MessageChannel::SendAndWait] Error: Channel error: cannot send/recv

1606929060150	geckodriver	INFO	Listening on 127.0.0.1:52017
1606929063181	mozrunner::runner	INFO	Running command: "C:\\Program Files\\Mozilla Firefox\\firefox.exe" "--marionette" "-foreground" "-no-remote" "-profile" "C:\\Users\\NoBoomTa\\AppData\\Local\\Temp\\rust_mozprofile5qlhmW"
JavaScript error: resource://gre/modules/XULStore.jsm, line 66: Error: Can't find profile directory.
1606929068096	Marionette	INFO	Listening on port 52027
1606929068423	Marionette	WARN	TLS certificate errors will be ignored for this session
JavaScript error: , line 0: uncaught exception: Object
1606929176626	Marionette	INFO	Stopped listening on port 52027

###!!! [Child][RunMessage] Error: Channel closing: too late to send/recv, messages will be lost


###!!! [Child][MessageChannel::SendAndWait] Error: Channel error: cannot send/recv

l\\Temp\\rust_mozprofileij8HkW"
JavaScript error: resource://gre/modules/XULStore.jsm, line 66: Error: Can't find profile directory.
1606929092950	Marionette	INFO	Listening on port 52117
1606929093243	Marionette	WARN	TLS certificate errors will be ignored for this session
JavaScript error: , line 0: uncaught exception: Object
1606929174147	Marionette	INFO	Stopped listening on port 52117

###!!! [Child][RunMessage] Error: Channel closing: too late to send/recv, messages will be lost


###!!! [Child][MessageChannel::SendAndWait] Error: Channel error: cannot send/recv

1608131536758	geckodriver	INFO	Listening on 127.0.0.1:15566
1608131539788	mozrunner::runner	INFO	Running command: "C:\\Program Files\\Mozilla Firefox\\firefox.exe" "--marionette" "-foreground" "-no-remote" "-profile" "C:\\Users\\NoBoomTa\\AppData\\Local\\Temp\\rust_mozprofileUhMaZJ"
JavaScript error: resource://gre/modules/XULStore.jsm, line 66: Error: Can't find profile directory.
1608131543571	Marionette	INFO	Listening on port 15575
1608131543935	Marionette	WARN	TLS certificate errors will be ignored for this session
JavaScript error: , line 0: uncaught exception: Object
console.error: "Store does not have a valid reducer. Make sure the argument passed to combineReducers is an object whose values are reducers."
1608139593126	Marionette	INFO	Stopped listening on port 15575

###!!! [Child][RunMessage] Error: Channel closing: too late to send/recv, messages will be lost

